Построение начато 03.10.2017 15:41:04.
     1>Проект "D:\2_year\OOP_1,1\OOP_1,1\OOP_1,1.vcxproj" в узле 2 (целевые объекты Build).
     1>ClCompile:
         C:\Program Files (x86)\Microsoft Visual Studio 11.0\VC\bin\CL.exe /c /ZI /nologo /W3 /WX- /Od /Oy- /D WIN32 /D _DEBUG /D _CONSOLE /D _UNICODE /D UNICODE /Gm /EHsc /RTC1 /MDd /GS /fp:precise /Zc:wchar_t /Zc:forScope /Fo"Debug\\" /Fd"Debug\vc110.pdb" /Gd /TP /analyze- /errorReport:prompt "OOP_1,1.cpp"
         OOP_1,1.cpp
     1>d:\2_year\oop_1,1\oop_1,1\oop_1,1.cpp(19): warning C4996: 'scanf': This function or variable may be unsafe. Consider using scanf_s instead. To disable deprecation, use _CRT_SECURE_NO_WARNINGS. See online help for details.
                 c:\program files (x86)\microsoft visual studio 11.0\vc\include\stdio.h(290): см. объявление "scanf"
     1>d:\2_year\oop_1,1\oop_1,1\oop_1,1.cpp(21): warning C4996: 'scanf': This function or variable may be unsafe. Consider using scanf_s instead. To disable deprecation, use _CRT_SECURE_NO_WARNINGS. See online help for details.
                 c:\program files (x86)\microsoft visual studio 11.0\vc\include\stdio.h(290): см. объявление "scanf"
     1>d:\2_year\oop_1,1\oop_1,1\oop_1,1.cpp(23): warning C4996: 'scanf': This function or variable may be unsafe. Consider using scanf_s instead. To disable deprecation, use _CRT_SECURE_NO_WARNINGS. See online help for details.
                 c:\program files (x86)\microsoft visual studio 11.0\vc\include\stdio.h(290): см. объявление "scanf"
     1>d:\2_year\oop_1,1\oop_1,1\oop_1,1.cpp(25): warning C4996: 'scanf': This function or variable may be unsafe. Consider using scanf_s instead. To disable deprecation, use _CRT_SECURE_NO_WARNINGS. See online help for details.
                 c:\program files (x86)\microsoft visual studio 11.0\vc\include\stdio.h(290): см. объявление "scanf"
     1>d:\2_year\oop_1,1\oop_1,1\oop_1,1.cpp(28): warning C4996: 'scanf': This function or variable may be unsafe. Consider using scanf_s instead. To disable deprecation, use _CRT_SECURE_NO_WARNINGS. See online help for details.
                 c:\program files (x86)\microsoft visual studio 11.0\vc\include\stdio.h(290): см. объявление "scanf"
     1>d:\2_year\oop_1,1\oop_1,1\oop_1,1.cpp(108): warning C4309: инициализация: усечение константного значения
     1>d:\2_year\oop_1,1\oop_1,1\oop_1,1.cpp(151): warning C4244: =: преобразование "double" в "float", возможна потеря данных
     1>d:\2_year\oop_1,1\oop_1,1\oop_1,1.cpp(168): warning C4244: инициализация: преобразование "double" в "int", возможна потеря данных
       Link:
         C:\Program Files (x86)\Microsoft Visual Studio 11.0\VC\bin\link.exe /ERRORREPORT:PROMPT /OUT:"D:\2_year\OOP_1,1\Debug\OOP_1,1.exe" /INCREMENTAL /NOLOGO kernel32.lib user32.lib gdi32.lib winspool.lib comdlg32.lib advapi32.lib shell32.lib ole32.lib oleaut32.lib uuid.lib odbc32.lib odbccp32.lib /MANIFEST /MANIFESTUAC:"level='asInvoker' uiAccess='false'" /manifest:embed /DEBUG /PDB:"D:\2_year\OOP_1,1\Debug\OOP_1,1.pdb" /SUBSYSTEM:CONSOLE /TLBID:1 /DYNAMICBASE /NXCOMPAT /IMPLIB:"D:\2_year\OOP_1,1\Debug\OOP_1,1.lib" /MACHINE:X86 "Debug\OOP_1,1.obj"
         OOP_1,1.vcxproj -> D:\2_year\OOP_1,1\Debug\OOP_1,1.exe
     1>Построение проекта "D:\2_year\OOP_1,1\OOP_1,1\OOP_1,1.vcxproj" завершено (целевые объекты Build).

Построение успешно завершено.

Затраченное время: 00:00:02.28
